<?xml version="1.0" encoding="UTF-8"?>
<!-- Generated by org.testng.reporters.JUnitXMLReporter -->
<testsuite ignored="0" hostname="WKWIN3761557" failures="2" tests="4" name="Test" time="17.579" errors="0" timestamp="2022-07-12T14:18:58 IST">
  <testcase classname="Framework.TestCases.TC01" name="getRequest" time="0.007"/>
  <testcase classname="Framework.TestCases.TC04" name="deleteUser" time="0.01">
    <failure type="java.lang.AssertionError" message="expected [true] but found [false]">
      <![CDATA[java.lang.AssertionError: expected [true] but found [false]
at Framework.TestCases.TC04.deleteUser(TC04.java:109)
at java.base/java.util.ArrayList.forEach(ArrayList.java:1540)
... Removed 33 stack frames]]>
    </failure>
  </testcase> <!-- deleteUser -->
  <testcase classname="Framework.TestCases.TC03" name="postRequest" time="0.002">
    <failure type="java.lang.AssertionError" message="expected [true] but found [false]">
      <![CDATA[java.lang.AssertionError: expected [true] but found [false]
at Framework.TestCases.TC03.postRequest(TC03.java:89)
at java.base/java.util.ArrayList.forEach(ArrayList.java:1540)
... Removed 33 stack frames]]>
    </failure>
  </testcase> <!-- postRequest -->
  <testcase classname="Framework.TestCases.TC02" name="getResponse" time="0.002"/>
</testsuite> <!-- Test -->
